#
# There is insufficient memory for the Java Runtime Environment to continue.
# Native memory allocation (malloc) failed to allocate 615056 bytes for Chunk::new
# Possible reasons:
#   The system is out of physical RAM or swap space
#   In 32 bit mode, the process size limit was hit
# Possible solutions:
#   Reduce memory load on the system
#   Increase physical memory or swap space
#   Check if swap backing store is full
#   Use 64 bit Java on a 64 bit OS
#   Decrease Java heap size (-Xmx/-Xms)
#   Decrease number of Java threads
#   Decrease Java thread stack sizes (-Xss)
#   Set larger code cache with -XX:ReservedCodeCacheSize=
# This output file may be truncated or incomplete.
#
#  Out of Memory Error (allocation.cpp:390), pid=3340, tid=0x0000000000001688
#
# JRE version: OpenJDK Runtime Environment (8.0_152-b02) (build 1.8.0_152-release-1024-b02)
# Java VM: OpenJDK 64-Bit Server VM (25.152-b02 mixed mode windows-amd64 compressed oops)
# Failed to write core dump. Minidumps are not enabled by default on client versions of Windows
#

---------------  T H R E A D  ---------------

Current thread (0x000000005620e800):  JavaThread "C2 CompilerThread0" daemon [_thread_in_native, id=5768, stack(0x0000000057b90000,0x0000000057c90000)]

Stack: [0x0000000057b90000,0x0000000057c90000]
[error occurred during error reporting (printing stack bounds), id 0xc0000005]

Native frames: (J=compiled Java code, j=interpreted, Vv=VM code, C=native code)


Current CompileTask:
C2: 995665 13844   !   4       org.gradle.internal.service.DefaultServiceRegistry::doGet (102 bytes)


---------------  P R O C E S S  ---------------

Java Threads: ( => current thread )
  0x000000005f192000 JavaThread "Task worker for ':' Thread 3" [_thread_blocked, id=5916, stack(0x0000000062700000,0x0000000062800000)]
  0x000000005f193800 JavaThread "Task worker for ':' Thread 2" [_thread_blocked, id=2924, stack(0x0000000062840000,0x0000000062940000)]
  0x000000005f192800 JavaThread "Task worker for ':'" [_thread_in_native, id=2596, stack(0x0000000061fa0000,0x00000000620a0000)]
  0x000000005e9a6000 JavaThread "Cache worker for Build Output Cleanup Cache (F:\Project\BDRT\.gradle\buildOutputCleanup)" [_thread_blocked, id=3400, stack(0x00000000623f0000,0x00000000624f0000)]
  0x000000005e9a7800 JavaThread "Cache worker for task history cache (F:\Project\BDRT\.gradle\4.4\taskHistory)" [_thread_blocked, id=2840, stack(0x000000005b440000,0x000000005b540000)]
  0x000000005e9a3800 JavaThread "Cache worker for file content cache (F:\Project\BDRT\.gradle\4.4\fileContent)" [_thread_blocked, id=312, stack(0x0000000063500000,0x0000000063600000)]
  0x000000005e9a1800 JavaThread "build operations Thread 4" [_thread_blocked, id=2396, stack(0x00000000620b0000,0x00000000621b0000)]
  0x000000005e99a800 JavaThread "build operations Thread 3" [_thread_blocked, id=412, stack(0x00000000606f0000,0x00000000607f0000)]
  0x000000005e9a4800 JavaThread "build operations Thread 2" [_thread_blocked, id=3704, stack(0x00000000604e0000,0x00000000605e0000)]
  0x000000005e9a3000 JavaThread "build operations" [_thread_blocked, id=4836, stack(0x00000000603b0000,0x00000000604b0000)]
  0x000000005e999800 JavaThread "Cache worker for Artifact transforms cache (C:\Users\Administrator\.gradle\caches\transforms-1)" [_thread_blocked, id=5940, stack(0x000000005e7b0000,0x000000005e8b0000)]
  0x000000005e9a2000 JavaThread "Cache worker for file hash cache (F:\Project\BDRT\.gradle\4.4\fileHashes)" [_thread_blocked, id=3392, stack(0x000000005d5c0000,0x000000005d6c0000)]
  0x000000005e9a0800 JavaThread "Stdin handler" [_thread_blocked, id=5208, stack(0x000000005b000000,0x000000005b100000)]
  0x000000005e99c000 JavaThread "Asynchronous log dispatcher for DefaultDaemonConnection: socket connection from /127.0.0.1:51066 to /127.0.0.1:52300" [_thread_blocked, id=3864, stack(0x000000005bf10000,0x000000005c010000)]
  0x000000005e99d000 JavaThread "Daemon worker Thread 3" [_thread_blocked, id=3224, stack(0x000000005c1c0000,0x000000005c2c0000)]
  0x000000005e99d800 JavaThread "Cancel handler" [_thread_blocked, id=5448, stack(0x000000005bae0000,0x000000005bbe0000)]
  0x000000005e99b000 JavaThread "Handler for socket connection from /127.0.0.1:51066 to /127.0.0.1:52300" [_thread_in_native, id=5240, stack(0x000000005b8e0000,0x000000005b9e0000)]
  0x000000005e9a5000 JavaThread "Daemon Thread 3" [_thread_blocked, id=4908, stack(0x000000005b540000,0x000000005b640000)]
  0x000000005e9a0000 JavaThread "Memory manager" [_thread_blocked, id=3620, stack(0x0000000061070000,0x0000000061170000)]
  0x000000005e99f000 JavaThread "pool-1-thread-1" [_thread_blocked, id=1876, stack(0x0000000060ce0000,0x0000000060de0000)]
  0x0000000057e7f000 JavaThread "File lock request listener" [_thread_in_native, id=3888, stack(0x000000005c2c0000,0x000000005c3c0000)]
  0x0000000059575000 JavaThread "Cache worker for file hash cache (C:\Users\Administrator\.gradle\caches\4.4\fileHashes)" [_thread_blocked, id=3256, stack(0x000000005c010000,0x000000005c110000)]
  0x0000000059392800 JavaThread "Daemon periodic checks" [_thread_blocked, id=3220, stack(0x000000005b320000,0x000000005b420000)]
  0x0000000059390000 JavaThread "Incoming local TCP Connector on port 51066" [_thread_in_native, id=5268, stack(0x000000005b100000,0x000000005b200000)]
  0x0000000057cff000 JavaThread "Service Thread" daemon [_thread_blocked, id=3240, stack(0x0000000058320000,0x0000000058420000)]
  0x0000000057c93800 JavaThread "C1 CompilerThread2" daemon [_thread_blocked, id=1240, stack(0x0000000057a70000,0x0000000057b70000)]
  0x0000000057c90800 JavaThread "C2 CompilerThread1" daemon [_thread_blocked, id=5832, stack(0x00000000580f0000,0x00000000581f0000)]
=>0x000000005620e800 JavaThread "C2 CompilerThread0" daemon [_thread_in_native, id=5768, stack(0x0000000057b90000,0x0000000057c90000)]
  0x000000005620d800 JavaThread "Attach Listener" daemon [_thread_blocked, id=3572, stack(0x0000000057940000,0x0000000057a40000)]
  0x000000005620c800 JavaThread "Signal Dispatcher" daemon [_thread_blocked, id=3728, stack(0x00000000576e0000,0x00000000577e0000)]
  0x00000000561e8800 JavaThread "Finalizer" daemon [_thread_blocked, id=1084, stack(0x0000000057210000,0x0000000057310000)]
  0x000000005619f800 JavaThread "Reference Handler" daemon [_thread_blocked, id=4356, stack(0x0000000057560000,0x0000000057660000)]
  0x000000000225e000 JavaThread "main" [_thread_blocked, id=4104, stack(0x00000000024a0000,0x00000000025a0000)]

Other Threads:
  0x000000005619a000 VMThread [stack: 0x0000000057350000,0x0000000057450000] [id=4620]
  0x0000000057d00000 WatcherThread [stack: 0x0000000058560000,0x0000000058660000] [id=5876]

VM state:not at safepoint (normal execution)

VM Mutex/Monitor currently owned by a thread: None

Heap:
 PSYoungGen      total 302080K, used 293157K [0x00000000e0000000, 0x00000000f8080000, 0x0000000100000000)
  eden space 263680K, 96% used [0x00000000e0000000,0x00000000ef8ccbb0,0x00000000f0180000)
  from space 38400K, 99% used [0x00000000f0180000,0x00000000f26fcaa0,0x00000000f2700000)
  to   space 51200K, 0% used [0x00000000f4e80000,0x00000000f4e80000,0x00000000f8080000)
 ParOldGen       total 169984K, used 113336K [0x00000000a0000000, 0x00000000aa600000, 0x00000000e0000000)
  object space 169984K, 66% used [0x00000000a0000000,0x00000000a6eae2f0,0x00000000aa600000)
 Metaspace       used 73070K, capacity 75978K, committed 76308K, reserved 1116160K
  class space    used 9581K, capacity 10200K, committed 10300K, reserved 1048576K

Card table byte_map: [0x0000000011c30000,0x0000000011f40000] byte_map_base: 0x0000000011730000

Marking Bits: (ParMarkBitMap*) 0x0000000067574970
 Begin Bits: [0x0000000012510000, 0x0000000013d10000)
 End Bits:   [0x0000000013d10000, 0x0000000015510000)

Polling page: 0x0000000000140000

CodeCache: size=245760Kb used=36101Kb max_used=36112Kb free=209658Kb
 bounds [0x0000000002870000, 0x0000000004bf0000, 0x0000000011870000]
 total_blobs=12047 nmethods=11215 adapters=744
 compilation: enabled

Compilation events (10 events):
Event: 992.530 Thread 0x0000000057c93800 13841       3       org.gradle.api.internal.tasks.DefaultCacheableTaskOutputFilePropertySpec::getOutputFile (30 bytes)
Event: 992.531 Thread 0x0000000057c93800 nmethod 13841 0x0000000004bd2650 code [0x0000000004bd2820, 0x0000000004bd2e68]
Event: 992.531 Thread 0x0000000057c93800 13842   !   3       sun.reflect.GeneratedConstructorAccessor45::newInstance (49 bytes)
Event: 992.531 Thread 0x0000000057c93800 nmethod 13842 0x0000000004be2f90 code [0x0000000004be3140, 0x0000000004be35c8]
Event: 992.532 Thread 0x0000000057c90800 nmethod 13840 0x0000000004be6a90 code [0x0000000004be6c40, 0x0000000004be7200]
Event: 994.638 Thread 0x000000005620e800 13844   !   4       org.gradle.internal.service.DefaultServiceRegistry::doGet (102 bytes)
Event: 994.640 Thread 0x0000000057c93800 13843       3       org.gradle.internal.component.local.model.ComponentFileArtifactIdentifier::<init> (15 bytes)
Event: 994.640 Thread 0x0000000057c93800 nmethod 13843 0x0000000004bd2290 code [0x0000000004bd23e0, 0x0000000004bd25b0]
Event: 994.908 Thread 0x0000000057c93800 13845       3       org.gradle.api.internal.changedetection.state.DirectoryFileSnapshot::getName (8 bytes)
Event: 994.908 Thread 0x0000000057c93800 nmethod 13845 0x0000000004be6590 code [0x0000000004be6700, 0x0000000004be6950]

GC Heap History (10 events):
Event: 189.223 GC heap before
{Heap before GC invocations=17 (full 3):
 PSYoungGen      total 167424K, used 147456K [0x00000000e0000000, 0x00000000ef080000, 0x0000000100000000)
  eden space 147456K, 100% used [0x00000000e0000000,0x00000000e9000000,0x00000000e9000000)
  from space 19968K, 0% used [0x00000000e9000000,0x00000000e9000000,0x00000000ea380000)
  to   space 20992K, 0% used [0x00000000edc00000,0x00000000edc00000,0x00000000ef080000)
 ParOldGen       total 87552K, used 34004K [0x00000000a0000000, 0x00000000a5580000, 0x00000000e0000000)
  object space 87552K, 38% used [0x00000000a0000000,0x00000000a2135000,0x00000000a5580000)
 Metaspace       used 62308K, capacity 64212K, committed 64532K, reserved 1105920K
  class space    used 8266K, capacity 8725K, committed 8764K, reserved 1048576K
Event: 189.293 GC heap after
Heap after GC invocations=17 (full 3):
 PSYoungGen      total 225280K, used 13346K [0x00000000e0000000, 0x00000000ef200000, 0x0000000100000000)
  eden space 204288K, 0% used [0x00000000e0000000,0x00000000e0000000,0x00000000ec780000)
  from space 20992K, 63% used [0x00000000edc00000,0x00000000ee908af0,0x00000000ef080000)
  to   space 20992K, 0% used [0x00000000ec780000,0x00000000ec780000,0x00000000edc00000)
 ParOldGen       total 87552K, used 34012K [0x00000000a0000000, 0x00000000a5580000, 0x00000000e0000000)
  object space 87552K, 38% used [0x00000000a0000000,0x00000000a2137000,0x00000000a5580000)
 Metaspace       used 62308K, capacity 64212K, committed 64532K, reserved 1105920K
  class space    used 8266K, capacity 8725K, committed 8764K, reserved 1048576K
}
Event: 201.762 GC heap before
{Heap before GC invocations=18 (full 3):
 PSYoungGen      total 225280K, used 217634K [0x00000000e0000000, 0x00000000ef200000, 0x0000000100000000)
  eden space 204288K, 100% used [0x00000000e0000000,0x00000000ec780000,0x00000000ec780000)
  from space 20992K, 63% used [0x00000000edc00000,0x00000000ee908af0,0x00000000ef080000)
  to   space 20992K, 0% used [0x00000000ec780000,0x00000000ec780000,0x00000000edc00000)
 ParOldGen       total 87552K, used 34012K [0x00000000a0000000, 0x00000000a5580000, 0x00000000e0000000)
  object space 87552K, 38% used [0x00000000a0000000,0x00000000a2137000,0x00000000a5580000)
 Metaspace       used 69996K, capacity 72850K, committed 72980K, reserved 1112064K
  class space    used 9344K, capacity 9922K, committed 10044K, reserved 1048576K
Event: 201.869 GC heap after
Heap after GC invocations=18 (full 3):
 PSYoungGen      total 225280K, used 20969K [0x00000000e0000000, 0x00000000f6180000, 0x0000000100000000)
  eden space 204288K, 0% used [0x00000000e0000000,0x00000000e0000000,0x00000000ec780000)
  from space 20992K, 99% used [0x00000000ec780000,0x00000000edbfa418,0x00000000edc00000)
  to   space 39936K, 0% used [0x00000000f3a80000,0x00000000f3a80000,0x00000000f6180000)
 ParOldGen       total 87552K, used 76839K [0x00000000a0000000, 0x00000000a5580000, 0x00000000e0000000)
  object space 87552K, 87% used [0x00000000a0000000,0x00000000a4b09fd0,0x00000000a5580000)
 Metaspace       used 69996K, capacity 72850K, committed 72980K, reserved 1112064K
  class space    used 9344K, capacity 9922K, committed 10044K, reserved 1048576K
}
Event: 201.869 GC heap before
{Heap before GC invocations=19 (full 4):
 PSYoungGen      total 225280K, used 20969K [0x00000000e0000000, 0x00000000f6180000, 0x0000000100000000)
  eden space 204288K, 0% used [0x00000000e0000000,0x00000000e0000000,0x00000000ec780000)
  from space 20992K, 99% used [0x00000000ec780000,0x00000000edbfa418,0x00000000edc00000)
  to   space 39936K, 0% used [0x00000000f3a80000,0x00000000f3a80000,0x00000000f6180000)
 ParOldGen       total 87552K, used 76839K [0x00000000a0000000, 0x00000000a5580000, 0x00000000e0000000)
  object space 87552K, 87% used [0x00000000a0000000,0x00000000a4b09fd0,0x00000000a5580000)
 Metaspace       used 69996K, capacity 72850K, committed 72980K, reserved 1112064K
  class space    used 9344K, capacity 9922K, committed 10044K, reserved 1048576K
Event: 202.803 GC heap after
Heap after GC invocations=19 (full 4):
 PSYoungGen      total 225280K, used 7637K [0x00000000e0000000, 0x00000000f6180000, 0x0000000100000000)
  eden space 204288K, 0% used [0x00000000e0000000,0x00000000e0000000,0x00000000ec780000)
  from space 20992K, 36% used [0x00000000ec780000,0x00000000ecef55b0,0x00000000edc00000)
  to   space 39936K, 0% used [0x00000000f3a80000,0x00000000f3a80000,0x00000000f6180000)
 ParOldGen       total 169984K, used 87227K [0x00000000a0000000, 0x00000000aa600000, 0x00000000e0000000)
  object space 169984K, 51% used [0x00000000a0000000,0x00000000a552ed98,0x00000000aa600000)
 Metaspace       used 69802K, capacity 72310K, committed 72980K, reserved 1112064K
  class space    used 9277K, capacity 9806K, committed 10044K, reserved 1048576K
}
Event: 258.661 GC heap before
{Heap before GC invocations=20 (full 4):
 PSYoungGen      total 225280K, used 211925K [0x00000000e0000000, 0x00000000f6180000, 0x0000000100000000)
  eden space 204288K, 100% used [0x00000000e0000000,0x00000000ec780000,0x00000000ec780000)
  from space 20992K, 36% used [0x00000000ec780000,0x00000000ecef55b0,0x00000000edc00000)
  to   space 39936K, 0% used [0x00000000f3a80000,0x00000000f3a80000,0x00000000f6180000)
 ParOldGen       total 169984K, used 87227K [0x00000000a0000000, 0x00000000aa600000, 0x00000000e0000000)
  object space 169984K, 51% used [0x00000000a0000000,0x00000000a552ed98,0x00000000aa600000)
 Metaspace       used 72225K, capacity 74912K, committed 75284K, reserved 1114112K
  class space    used 9548K, capacity 10143K, committed 10300K, reserved 1048576K
Event: 258.742 GC heap after
Heap after GC invocations=20 (full 4):
 PSYoungGen      total 271872K, used 17927K [0x00000000e0000000, 0x00000000f4c80000, 0x0000000100000000)
  eden space 253440K, 0% used [0x00000000e0000000,0x00000000e0000000,0x00000000ef780000)
  from space 18432K, 97% used [0x00000000f3a80000,0x00000000f4c01fc8,0x00000000f4c80000)
  to   space 38400K, 0% used [0x00000000f0180000,0x00000000f0180000,0x00000000f2700000)
 ParOldGen       total 169984K, used 94795K [0x00000000a0000000, 0x00000000aa600000, 0x00000000e0000000)
  object space 169984K, 55% used [0x00000000a0000000,0x00000000a5c92dd8,0x00000000aa600000)
 Metaspace       used 72225K, capacity 74912K, committed 75284K, reserved 1114112K
  class space    used 9548K, capacity 10143K, committed 10300K, reserved 1048576K
}
Event: 276.193 GC heap before
{Heap before GC invocations=21 (full 4):
 PSYoungGen      total 271872K, used 271367K [0x00000000e0000000, 0x00000000f4c80000, 0x0000000100000000)
  eden space 253440K, 100% used [0x00000000e0000000,0x00000000ef780000,0x00000000ef780000)
  from space 18432K, 97% used [0x00000000f3a80000,0x00000000f4c01fc8,0x00000000f4c80000)
  to   space 38400K, 0% used [0x00000000f0180000,0x00000000f0180000,0x00000000f2700000)
 ParOldGen       total 169984K, used 94795K [0x00000000a0000000, 0x00000000aa600000, 0x00000000e0000000)
  object space 169984K, 55% used [0x00000000a0000000,0x00000000a5c92dd8,0x00000000aa600000)
 Metaspace       used 72659K, capacity 75492K, committed 75796K, reserved 1114112K
  class space    used 9565K, capacity 10173K, committed 10300K, reserved 1048576K
Event: 276.300 GC heap after
Heap after GC invocations=21 (full 4):
 PSYoungGen      total 302080K, used 38386K [0x00000000e0000000, 0x00000000f8080000, 0x0000000100000000)
  eden space 263680K, 0% used [0x00000000e0000000,0x00000000e0000000,0x00000000f0180000)
  from space 38400K, 99% used [0x00000000f0180000,0x00000000f26fcaa0,0x00000000f2700000)
  to   space 51200K, 0% used [0x00000000f4e80000,0x00000000f4e80000,0x00000000f8080000)
 ParOldGen       total 169984K, used 113336K [0x00000000a0000000, 0x00000000aa600000, 0x00000000e0000000)
  object space 169984K, 66% used [0x00000000a0000000,0x00000000a6eae2f0,0x00000000aa600000)
 Metaspace       used 72659K, capacity 75492K, committed 75796K, reserved 1114112K
  class space    used 9565K, capacity 10173K, committed 10300K, reserved 1048576K
}

Deoptimization events (10 events):
Event: 279.595 Thread 0x000000005e99b000 Uncommon trap: reason=class_check action=maybe_recompile pc=0x0000000003ecfa00 method=org.gradle.internal.logging.sink.ProgressLogEventGenerator.onOutput(Lorg/gradle/internal/logging/events/OutputEvent;)V @ 45
Event: 279.596 Thread 0x000000005e99b000 Uncommon trap: reason=class_check action=maybe_recompile pc=0x0000000003eb58ec method=org.gradle.internal.logging.sink.ProgressLogEventGenerator.onOutput(Lorg/gradle/internal/logging/events/OutputEvent;)V @ 45
Event: 279.607 Thread 0x000000005e99b000 Uncommon trap: reason=speculate_class_check action=maybe_recompile pc=0x000000000345d410 method=java.io.ObjectOutputStream.verifySubclass()V @ 8
Event: 279.612 Thread 0x000000005e99b000 Uncommon trap: reason=unstable_if action=reinterpret pc=0x0000000003f22c04 method=org.gradle.internal.progress.DefaultBuildOperationExecutor.execute(Lorg/gradle/internal/operations/BuildOperation;Lorg/gradle/internal/operations/BuildOperationWorker;Lorg/g
Event: 939.557 Thread 0x000000005e99d000 Uncommon trap: reason=array_check action=maybe_recompile pc=0x0000000003ce2568 method=com.google.common.collect.ImmutableSet.construct(I[Ljava/lang/Object;)Lcom/google/common/collect/ImmutableSet; @ 122
Event: 939.640 Thread 0x000000005e99d000 Uncommon trap: reason=array_check action=maybe_recompile pc=0x0000000003ce2568 method=com.google.common.collect.ImmutableSet.construct(I[Ljava/lang/Object;)Lcom/google/common/collect/ImmutableSet; @ 122
Event: 939.641 Thread 0x000000005e99d000 Uncommon trap: reason=array_check action=maybe_recompile pc=0x0000000003ce2568 method=com.google.common.collect.ImmutableSet.construct(I[Ljava/lang/Object;)Lcom/google/common/collect/ImmutableSet; @ 122
Event: 939.685 Thread 0x000000005e99d000 Uncommon trap: reason=array_check action=maybe_recompile pc=0x0000000003ce2568 method=com.google.common.collect.ImmutableSet.construct(I[Ljava/lang/Object;)Lcom/google/common/collect/ImmutableSet; @ 122
Event: 984.580 Thread 0x000000005e99d000 Uncommon trap: reason=class_check action=maybe_recompile pc=0x0000000003dfe0a8 method=com.google.common.cache.LocalCache$Segment.storeLoadedValue(Ljava/lang/Object;ILcom/google/common/cache/LocalCache$LoadingValueReference;Ljava/lang/Object;)Z @ 286
Event: 987.106 Thread 0x000000005e99d000 Uncommon trap: reason=class_check action=maybe_recompile pc=0x0000000003dfe0a8 method=com.google.common.cache.LocalCache$Segment.storeLoadedValue(Ljava/lang/Object;ILcom/google/common/cache/LocalCache$LoadingValueReference;Ljava/lang/Object;)Z @ 286

Classes redefined (0 events):
No events

Internal exceptions (10 events):
Event: 949.664 Thread 0x000000005e99d000 Exception <a 'sun/nio/fs/WindowsException'> (0x00000000e9afecd0) thrown at [D:\src\AOSP-openjdk-cygwin\jdk8u\hotspot\src\share\vm\prims\jni.cpp, line 709]
Event: 949.664 Thread 0x000000005e99d000 Exception <a 'sun/nio/fs/WindowsException'> (0x00000000e9aff990) thrown at [D:\src\AOSP-openjdk-cygwin\jdk8u\hotspot\src\share\vm\prims\jni.cpp, line 709]
Event: 949.665 Thread 0x000000005e99d000 Exception <a 'sun/nio/fs/WindowsException'> (0x00000000e9b030a0) thrown at [D:\src\AOSP-openjdk-cygwin\jdk8u\hotspot\src\share\vm\prims\jni.cpp, line 709]
Event: 949.665 Thread 0x000000005e99d000 Exception <a 'sun/nio/fs/WindowsException'> (0x00000000e9b03cd0) thrown at [D:\src\AOSP-openjdk-cygwin\jdk8u\hotspot\src\share\vm\prims\jni.cpp, line 709]
Event: 949.665 Thread 0x000000005e99d000 Exception <a 'sun/nio/fs/WindowsException'> (0x00000000e9b05938) thrown at [D:\src\AOSP-openjdk-cygwin\jdk8u\hotspot\src\share\vm\prims\jni.cpp, line 709]
Event: 949.665 Thread 0x000000005e99d000 Exception <a 'sun/nio/fs/WindowsException'> (0x00000000e9b065a8) thrown at [D:\src\AOSP-openjdk-cygwin\jdk8u\hotspot\src\share\vm\prims\jni.cpp, line 709]
Event: 949.665 Thread 0x000000005e99d000 Exception <a 'sun/nio/fs/WindowsException'> (0x00000000e9b09288) thrown at [D:\src\AOSP-openjdk-cygwin\jdk8u\hotspot\src\share\vm\prims\jni.cpp, line 709]
Event: 949.665 Thread 0x000000005e99d000 Exception <a 'sun/nio/fs/WindowsException'> (0x00000000e9b09f30) thrown at [D:\src\AOSP-openjdk-cygwin\jdk8u\hotspot\src\share\vm\prims\jni.cpp, line 709]
Event: 949.665 Thread 0x000000005e99d000 Exception <a 'sun/nio/fs/WindowsException'> (0x00000000e9b0bc10) thrown at [D:\src\AOSP-openjdk-cygwin\jdk8u\hotspot\src\share\vm\prims\jni.cpp, line 709]
Event: 949.665 Thread 0x000000005e99d000 Exception <a 'sun/nio/fs/WindowsException'> (0x00000000e9b0c8f8) thrown at [D:\src\AOSP-openjdk-cygwin\jdk8u\hotspot\src\share\vm\prims\jni.cpp, line 709]

Events (10 events):
Event: 991.109 Executing VM operation: RevokeBias
Event: 991.109 Executing VM operation: RevokeBias done
Event: 991.111 Executing VM operation: RevokeBias
Event: 991.111 Executing VM operation: RevokeBias done
Event: 991.111 Executing VM operation: RevokeBias
Event: 991.111 Executing VM operation: RevokeBias done
Event: 991.112 Executing VM operation: BulkRevokeBias
Event: 991.112 Executing VM operation: BulkRevokeBias done
Event: 991.113 Executing VM operation: RevokeBias
Event: 991.132 Executing VM operation: RevokeBias done


Dynamic libraries:
0x000000013f5b0000 - 0x000000013f5e1000 	F:\Android Studio\jre\bin\java.exe
0x0000000077610000 - 0x00000000777b9000 	C:\Windows\SYSTEM32\ntdll.dll
0x00000000774f0000 - 0x000000007760f000 	C:\Windows\system32\kernel32.dll
0x000007fefd6f0000 - 0x000007fefd75b000 	C:\Windows\system32\KERNELBASE.dll
0x000007fefdf90000 - 0x000007fefe06b000 	C:\Windows\system32\ADVAPI32.dll
0x000007feff520000 - 0x000007feff5bf000 	C:\Windows\system32\msvcrt.dll
0x000007feff430000 - 0x000007feff44f000 	C:\Windows\SYSTEM32\sechost.dll
0x000007fefe2a0000 - 0x000007fefe3cd000 	C:\Windows\system32\RPCRT4.dll
0x00000000773f0000 - 0x00000000774ea000 	C:\Windows\system32\USER32.dll
0x000007fefd930000 - 0x000007fefd997000 	C:\Windows\system32\GDI32.dll
0x000007fefd9a0000 - 0x000007fefd9ae000 	C:\Windows\system32\LPK.dll
0x000007fefdc60000 - 0x000007fefdd29000 	C:\Windows\system32\USP10.dll
0x000007fefbca0000 - 0x000007fefbe94000 	C:\Windows\WinSxS\amd64_microsoft.windows.common-controls_6595b64144ccf1df_6.0.7601.17514_none_fa396087175ac9ac\COMCTL32.dll
0x000007feff4a0000 - 0x000007feff511000 	C:\Windows\system32\SHLWAPI.dll
0x000007feff450000 - 0x000007feff47e000 	C:\Windows\system32\IMM32.DLL
0x000007fefe190000 - 0x000007fefe299000 	C:\Windows\system32\MSCTF.dll
0x000000006c440000 - 0x000000006c512000 	F:\Android Studio\jre\jre\bin\msvcr100.dll
0x0000000066db0000 - 0x00000000675ef000 	F:\Android Studio\jre\jre\bin\server\jvm.dll
0x000007fefa440000 - 0x000007fefa449000 	C:\Windows\system32\WSOCK32.dll
0x000007fefe3d0000 - 0x000007fefe41d000 	C:\Windows\system32\WS2_32.dll
0x000007feff5c0000 - 0x000007feff5c8000 	C:\Windows\system32\NSI.dll
0x000007fefc190000 - 0x000007fefc1cb000 	C:\Windows\system32\WINMM.dll
0x000007fefc6c0000 - 0x000007fefc6cc000 	C:\Windows\system32\VERSION.dll
0x00000000777d0000 - 0x00000000777d7000 	C:\Windows\system32\PSAPI.DLL
0x000007fef7800000 - 0x000007fef780f000 	F:\Android Studio\jre\jre\bin\verify.dll
0x000007fef6200000 - 0x000007fef6229000 	F:\Android Studio\jre\jre\bin\java.dll
0x000007fef6240000 - 0x000007fef6256000 	F:\Android Studio\jre\jre\bin\zip.dll
0x000007fefe600000 - 0x000007feff388000 	C:\Windows\system32\SHELL32.dll
0x000007feff5d0000 - 0x000007feff7d3000 	C:\Windows\system32\ole32.dll
0x000007fefd560000 - 0x000007fefd56f000 	C:\Windows\system32\profapi.dll
0x000007fef6280000 - 0x000007fef629a000 	F:\Android Studio\jre\jre\bin\net.dll
0x000007fefcdd0000 - 0x000007fefce25000 	C:\Windows\system32\mswsock.dll
0x000007fefcdc0000 - 0x000007fefcdc7000 	C:\Windows\System32\wship6.dll
0x000007fef61e0000 - 0x000007fef61f1000 	F:\Android Studio\jre\jre\bin\nio.dll
0x000007fef6140000 - 0x000007fef615e000 	C:\Users\Administrator\.gradle\native\25\windows-amd64\native-platform.dll
0x000007fef54d0000 - 0x000007fef54dd000 	F:\Android Studio\jre\jre\bin\management.dll
0x000007fefce30000 - 0x000007fefce47000 	C:\Windows\system32\CRYPTSP.dll
0x000007fefcb30000 - 0x000007fefcb77000 	C:\Windows\system32\rsaenh.dll
0x000007fefc8b0000 - 0x000007fefc8ce000 	C:\Windows\system32\USERENV.dll
0x000007fefd490000 - 0x000007fefd49f000 	C:\Windows\system32\CRYPTBASE.dll
0x000007fefac60000 - 0x000007fefac87000 	C:\Windows\system32\IPHLPAPI.DLL
0x000007fefac40000 - 0x000007fefac4b000 	C:\Windows\system32\WINNSI.DLL
0x000007fefaa50000 - 0x000007fefaa68000 	C:\Windows\system32\dhcpcsvc.DLL
0x000007fefaa30000 - 0x000007fefaa41000 	C:\Windows\system32\dhcpcsvc6.DLL

VM Arguments:
jvm_args: -Xmx1536m -Dfile.encoding=windows-1252 -Duser.country=US -Duser.language=en -Duser.variant 
java_command: org.gradle.launcher.daemon.bootstrap.GradleDaemon 4.4
java_class_path (initial): C:\Users\Administrator\.gradle\wrapper\dists\gradle-4.4-all\9br9xq1tocpiv8o6njlyu5op1\gradle-4.4\lib\gradle-launcher-4.4.jar
Launcher Type: SUN_STANDARD

Environment Variables:
PATH=C:\Program Files (x86)\Common Files\Oracle\Java\javapath;C:\Windows\system32;C:\Windows;C:\Windows\System32\Wbem;C:\Windows\System32\WindowsPowerShell\v1.0\;C:\Program Files\Intel\WiFi\bin\;C:\Program Files\Common Files\Intel\WirelessCommon\;C:\Program Files\Intel\WiFi\bin\;C:\Program Files\Common Files\Intel\WirelessCommon\
USERNAME=Administrator
OS=Windows_NT
PROCESSOR_IDENTIFIER=Intel64 Family 6 Model 37 Stepping 5, GenuineIntel



---------------  S Y S T E M  ---------------

OS: Windows 7 , 64 bit Build 7601 (6.1.7601.17514)

CPU:total 4 (initial active 4) (2 cores per cpu, 2 threads per core) family 6 model 37 stepping 5, cmov, cx8, fxsr, mmx, sse, sse2, sse3, ssse3, sse4.1, sse4.2, popcnt, aes, clmul, ht, tsc, tscinvbit

Memory: 4k page, physical 3983208k(234740k free), swap 6078516k(18672k free)

vm_info: OpenJDK 64-Bit Server VM (25.152-b02) for windows-amd64 JRE (1.8.0_152-release-1024-b02), built by "builder" with MS VC++ 10.0 (VS2010)

time: Fri Aug 24 23:22:11 2018
elapsed time: 996 seconds (0d 0h 16m 36s)

