#
# There is insufficient memory for the Java Runtime Environment to continue.
# Native memory allocation (malloc) failed to allocate 32744 bytes for ChunkPool::allocate
# Possible reasons:
#   The system is out of physical RAM or swap space
#   In 32 bit mode, the process size limit was hit
# Possible solutions:
#   Reduce memory load on the system
#   Increase physical memory or swap space
#   Check if swap backing store is full
#   Use 64 bit Java on a 64 bit OS
#   Decrease Java heap size (-Xmx/-Xms)
#   Decrease number of Java threads
#   Decrease Java thread stack sizes (-Xss)
#   Set larger code cache with -XX:ReservedCodeCacheSize=
# This output file may be truncated or incomplete.
#
#  Out of Memory Error (allocation.cpp:273), pid=3584, tid=0x00000000000018d0
#
# JRE version: OpenJDK Runtime Environment (8.0_152-b02) (build 1.8.0_152-release-1024-b02)
# Java VM: OpenJDK 64-Bit Server VM (25.152-b02 mixed mode windows-amd64 compressed oops)
# Failed to write core dump. Minidumps are not enabled by default on client versions of Windows
#

---------------  T H R E A D  ---------------

Current thread (0x0000000056417800):  JavaThread "C2 CompilerThread1" daemon [_thread_in_native, id=6352, stack(0x0000000057fd0000,0x00000000580d0000)]

Stack: [0x0000000057fd0000,0x00000000580d0000]
[error occurred during error reporting (printing stack bounds), id 0xc0000005]

Native frames: (J=compiled Java code, j=interpreted, Vv=VM code, C=native code)


Current CompileTask:
C2:5824988 17963   !   4       org.gradle.internal.service.DefaultServiceRegistry::doGet (102 bytes)


---------------  P R O C E S S  ---------------

Java Threads: ( => current thread )
  0x000000005c010000 JavaThread "Cache worker for Artifact transforms cache (C:\Users\Administrator\.gradle\caches\transforms-1)" [_thread_blocked, id=3704, stack(0x000000005d370000,0x000000005d470000)]
  0x000000005c00d800 JavaThread "Cache worker for file hash cache (F:\Project\BDRT\.gradle\4.4\fileHashes)" [_thread_blocked, id=6792, stack(0x000000005e7c0000,0x000000005e8c0000)]
  0x000000005c004800 JavaThread "Stdin handler" [_thread_blocked, id=3264, stack(0x000000005ace0000,0x000000005ade0000)]
  0x000000005c009000 JavaThread "Asynchronous log dispatcher for DefaultDaemonConnection: socket connection from /127.0.0.1:55330 to /127.0.0.1:57842" [_thread_blocked, id=5676, stack(0x000000005abc0000,0x000000005acc0000)]
  0x000000005c003000 JavaThread "Daemon worker Thread 4" [_thread_in_native, id=7048, stack(0x000000005aaa0000,0x000000005aba0000)]
  0x000000005c007000 JavaThread "Cancel handler" [_thread_blocked, id=1036, stack(0x0000000058440000,0x0000000058540000)]
  0x000000005c007800 JavaThread "Handler for socket connection from /127.0.0.1:55330 to /127.0.0.1:57842" [_thread_in_native, id=4048, stack(0x000000005a910000,0x000000005aa10000)]
  0x000000005c012000 JavaThread "Daemon Thread 4" [_thread_blocked, id=5644, stack(0x000000005a480000,0x000000005a580000)]
  0x000000005c00a800 JavaThread "Memory manager" [_thread_blocked, id=4676, stack(0x0000000062420000,0x0000000062520000)]
  0x000000005c00a000 JavaThread "pool-1-thread-1" [_thread_blocked, id=4860, stack(0x0000000061db0000,0x0000000061eb0000)]
  0x00000000598d6800 JavaThread "File lock request listener" [_thread_in_native, id=2724, stack(0x000000005c290000,0x000000005c390000)]
  0x0000000058826800 JavaThread "Cache worker for file hash cache (C:\Users\Administrator\.gradle\caches\4.4\fileHashes)" [_thread_blocked, id=3444, stack(0x000000005c080000,0x000000005c180000)]
  0x0000000059733000 JavaThread "Daemon periodic checks" [_thread_blocked, id=2888, stack(0x0000000058e60000,0x0000000058f60000)]
  0x000000005971b800 JavaThread "Incoming local TCP Connector on port 55330" [_thread_in_native, id=1116, stack(0x000000005a380000,0x000000005a480000)]
  0x0000000057b28000 JavaThread "Service Thread" daemon [_thread_blocked, id=2384, stack(0x0000000058160000,0x0000000058260000)]
  0x0000000057b1c800 JavaThread "C1 CompilerThread2" daemon [_thread_in_vm, id=3524, stack(0x0000000058290000,0x0000000058390000)]
=>0x0000000056417800 JavaThread "C2 CompilerThread1" daemon [_thread_in_native, id=6352, stack(0x0000000057fd0000,0x00000000580d0000)]
  0x000000005641f000 JavaThread "C2 CompilerThread0" daemon [_thread_blocked, id=2340, stack(0x0000000057340000,0x0000000057440000)]
  0x000000005641b800 JavaThread "Attach Listener" daemon [_thread_blocked, id=3460, stack(0x00000000579c0000,0x0000000057ac0000)]
  0x000000005641a800 JavaThread "Signal Dispatcher" daemon [_thread_blocked, id=824, stack(0x0000000057830000,0x0000000057930000)]
  0x00000000563f8800 JavaThread "Finalizer" daemon [_thread_blocked, id=4660, stack(0x0000000057540000,0x0000000057640000)]
  0x00000000563af800 JavaThread "Reference Handler" daemon [_thread_blocked, id=5500, stack(0x0000000057680000,0x0000000057780000)]
  0x000000000015e000 JavaThread "main" [_thread_blocked, id=6228, stack(0x00000000024c0000,0x00000000025c0000)]

Other Threads:
  0x00000000563aa000 VMThread [stack: 0x0000000057440000,0x0000000057540000] [id=6476]
  0x0000000057b1f800 WatcherThread [stack: 0x0000000058560000,0x0000000058660000] [id=1716]

VM state:not at safepoint (normal execution)

VM Mutex/Monitor currently owned by a thread: None

Heap:
 PSYoungGen      total 304128K, used 74739K [0x00000000e0000000, 0x00000000f6700000, 0x0000000100000000)
  eden space 264192K, 14% used [0x00000000e0000000,0x00000000e254c7d0,0x00000000f0200000)
  from space 39936K, 91% used [0x00000000f2e80000,0x00000000f5230530,0x00000000f5580000)
  to   space 45568K, 0% used [0x00000000f0200000,0x00000000f0200000,0x00000000f2e80000)
 ParOldGen       total 143360K, used 89759K [0x00000000a0000000, 0x00000000a8c00000, 0x00000000e0000000)
  object space 143360K, 62% used [0x00000000a0000000,0x00000000a57a7ff8,0x00000000a8c00000)
 Metaspace       used 80133K, capacity 83224K, committed 84696K, reserved 1122304K
  class space    used 10240K, capacity 10900K, committed 11224K, reserved 1048576K

Card table byte_map: [0x0000000011c50000,0x0000000011f60000] byte_map_base: 0x0000000011750000

Marking Bits: (ParMarkBitMap*) 0x0000000070bd4970
 Begin Bits: [0x0000000012720000, 0x0000000013f20000)
 End Bits:   [0x0000000013f20000, 0x0000000015720000)

Polling page: 0x0000000000140000

CodeCache: size=245760Kb used=46534Kb max_used=47642Kb free=199226Kb
 bounds [0x0000000002890000, 0x0000000005760000, 0x0000000011890000]
 total_blobs=14890 nmethods=14047 adapters=755
 compilation: enabled

Compilation events (10 events):
Event: 5822.388 Thread 0x000000005641f000 nmethod 17971 0x0000000005583b10 code [0x0000000005583c40, 0x0000000005583c98]
Event: 5822.391 Thread 0x000000005641f000 17972       4       com.google.common.base.Preconditions::checkArgument (17 bytes)
Event: 5822.392 Thread 0x000000005641f000 nmethod 17972 0x000000000561b410 code [0x000000000561b540, 0x000000000561b598]
Event: 5822.398 Thread 0x0000000057b1c800 nmethod 17969 0x000000000419c110 code [0x000000000419c420, 0x000000000419dcd8]
Event: 5822.398 Thread 0x0000000057b1c800 17970       3       org.gradle.internal.metaobject.DynamicInvokeResult::notFound (4 bytes)
Event: 5822.399 Thread 0x0000000057b1c800 nmethod 17970 0x0000000004c68b10 code [0x0000000004c68c60, 0x0000000004c68d90]
Event: 5822.424 Thread 0x0000000057b1c800 17973       3       org.gradle.internal.hash.HashCode::toString (77 bytes)
Event: 5822.426 Thread 0x0000000057b1c800 nmethod 17973 0x0000000004d140d0 code [0x0000000004d14320, 0x0000000004d15368]
Event: 5822.447 Thread 0x0000000057b1c800 17974       3       java.util.Arrays::copyOfRange (63 bytes)
Event: 5822.461 Thread 0x0000000057b1c800 nmethod 17974 0x0000000004646250 code [0x0000000004646460, 0x0000000004646f58]

GC Heap History (10 events):
Event: 4292.471 GC heap before
{Heap before GC invocations=24 (full 3):
 PSYoungGen      total 252928K, used 252342K [0x00000000e0000000, 0x00000000f1c80000, 0x0000000100000000)
  eden space 239104K, 99% used [0x00000000e0000000,0x00000000ee90d660,0x00000000ee980000)
  from space 13824K, 99% used [0x00000000f0f00000,0x00000000f1c604e0,0x00000000f1c80000)
  to   space 21504K, 0% used [0x00000000ef280000,0x00000000ef280000,0x00000000f0780000)
 ParOldGen       total 95232K, used 72443K [0x00000000a0000000, 0x00000000a5d00000, 0x00000000e0000000)
  object space 95232K, 76% used [0x00000000a0000000,0x00000000a46bed78,0x00000000a5d00000)
 Metaspace       used 80311K, capacity 83980K, committed 84184K, reserved 1122304K
  class space    used 10427K, capacity 11181K, committed 11224K, reserved 1048576K
Event: 4292.498 GC heap after
Heap after GC invocations=24 (full 3):
 PSYoungGen      total 250368K, used 21502K [0x00000000e0000000, 0x00000000f1b80000, 0x0000000100000000)
  eden space 228864K, 0% used [0x00000000e0000000,0x00000000e0000000,0x00000000edf80000)
  from space 21504K, 99% used [0x00000000ef280000,0x00000000f077f9d8,0x00000000f0780000)
  to   space 20480K, 0% used [0x00000000f0780000,0x00000000f0780000,0x00000000f1b80000)
 ParOldGen       total 95232K, used 88118K [0x00000000a0000000, 0x00000000a5d00000, 0x00000000e0000000)
  object space 95232K, 92% used [0x00000000a0000000,0x00000000a560dbe0,0x00000000a5d00000)
 Metaspace       used 80311K, capacity 83980K, committed 84184K, reserved 1122304K
  class space    used 10427K, capacity 11181K, committed 11224K, reserved 1048576K
}
Event: 4292.508 GC heap before
{Heap before GC invocations=25 (full 4):
 PSYoungGen      total 250368K, used 21502K [0x00000000e0000000, 0x00000000f1b80000, 0x0000000100000000)
  eden space 228864K, 0% used [0x00000000e0000000,0x00000000e0000000,0x00000000edf80000)
  from space 21504K, 99% used [0x00000000ef280000,0x00000000f077f9d8,0x00000000f0780000)
  to   space 20480K, 0% used [0x00000000f0780000,0x00000000f0780000,0x00000000f1b80000)
 ParOldGen       total 95232K, used 88118K [0x00000000a0000000, 0x00000000a5d00000, 0x00000000e0000000)
  object space 95232K, 92% used [0x00000000a0000000,0x00000000a560dbe0,0x00000000a5d00000)
 Metaspace       used 80311K, capacity 83980K, committed 84184K, reserved 1122304K
  class space    used 10427K, capacity 11181K, committed 11224K, reserved 1048576K
Event: 4293.083 GC heap after
Heap after GC invocations=25 (full 4):
 PSYoungGen      total 250368K, used 0K [0x00000000e0000000, 0x00000000f1b80000, 0x0000000100000000)
  eden space 228864K, 0% used [0x00000000e0000000,0x00000000e0000000,0x00000000edf80000)
  from space 21504K, 0% used [0x00000000ef280000,0x00000000ef280000,0x00000000f0780000)
  to   space 20480K, 0% used [0x00000000f0780000,0x00000000f0780000,0x00000000f1b80000)
 ParOldGen       total 143360K, used 73127K [0x00000000a0000000, 0x00000000a8c00000, 0x00000000e0000000)
  object space 143360K, 51% used [0x00000000a0000000,0x00000000a4769da8,0x00000000a8c00000)
 Metaspace       used 78452K, capacity 81072K, committed 84184K, reserved 1122304K
  class space    used 10025K, capacity 10564K, committed 11224K, reserved 1048576K
}
Event: 4705.254 GC heap before
{Heap before GC invocations=26 (full 4):
 PSYoungGen      total 250368K, used 228864K [0x00000000e0000000, 0x00000000f1b80000, 0x0000000100000000)
  eden space 228864K, 100% used [0x00000000e0000000,0x00000000edf80000,0x00000000edf80000)
  from space 21504K, 0% used [0x00000000ef280000,0x00000000ef280000,0x00000000f0780000)
  to   space 20480K, 0% used [0x00000000f0780000,0x00000000f0780000,0x00000000f1b80000)
 ParOldGen       total 143360K, used 73127K [0x00000000a0000000, 0x00000000a8c00000, 0x00000000e0000000)
  object space 143360K, 51% used [0x00000000a0000000,0x00000000a4769da8,0x00000000a8c00000)
 Metaspace       used 79385K, capacity 82142K, committed 84184K, reserved 1122304K
  class space    used 10181K, capacity 10803K, committed 11224K, reserved 1048576K
Event: 4705.293 GC heap after
Heap after GC invocations=26 (full 4):
 PSYoungGen      total 260096K, used 4482K [0x00000000e0000000, 0x00000000f3900000, 0x0000000100000000)
  eden space 239616K, 0% used [0x00000000e0000000,0x00000000e0000000,0x00000000eea00000)
  from space 20480K, 21% used [0x00000000f0780000,0x00000000f0be0828,0x00000000f1b80000)
  to   space 30208K, 0% used [0x00000000eea00000,0x00000000eea00000,0x00000000f0780000)
 ParOldGen       total 143360K, used 73135K [0x00000000a0000000, 0x00000000a8c00000, 0x00000000e0000000)
  object space 143360K, 51% used [0x00000000a0000000,0x00000000a476bda8,0x00000000a8c00000)
 Metaspace       used 79385K, capacity 82142K, committed 84184K, reserved 1122304K
  class space    used 10181K, capacity 10803K, committed 11224K, reserved 1048576K
}
Event: 4734.512 GC heap before
{Heap before GC invocations=27 (full 4):
 PSYoungGen      total 260096K, used 244098K [0x00000000e0000000, 0x00000000f3900000, 0x0000000100000000)
  eden space 239616K, 100% used [0x00000000e0000000,0x00000000eea00000,0x00000000eea00000)
  from space 20480K, 21% used [0x00000000f0780000,0x00000000f0be0828,0x00000000f1b80000)
  to   space 30208K, 0% used [0x00000000eea00000,0x00000000eea00000,0x00000000f0780000)
 ParOldGen       total 143360K, used 73135K [0x00000000a0000000, 0x00000000a8c00000, 0x00000000e0000000)
  object space 143360K, 51% used [0x00000000a0000000,0x00000000a476bda8,0x00000000a8c00000)
 Metaspace       used 79838K, capacity 82774K, committed 84440K, reserved 1122304K
  class space    used 10197K, capacity 10833K, committed 11224K, reserved 1048576K
Event: 4734.584 GC heap after
Heap after GC invocations=27 (full 4):
 PSYoungGen      total 269824K, used 30207K [0x00000000e0000000, 0x00000000f5580000, 0x0000000100000000)
  eden space 239616K, 0% used [0x00000000e0000000,0x00000000e0000000,0x00000000eea00000)
  from space 30208K, 99% used [0x00000000eea00000,0x00000000f077ff00,0x00000000f0780000)
  to   space 39936K, 0% used [0x00000000f2e80000,0x00000000f2e80000,0x00000000f5580000)
 ParOldGen       total 143360K, used 86439K [0x00000000a0000000, 0x00000000a8c00000, 0x00000000e0000000)
  object space 143360K, 60% used [0x00000000a0000000,0x00000000a5469fb0,0x00000000a8c00000)
 Metaspace       used 79838K, capacity 82774K, committed 84440K, reserved 1122304K
  class space    used 10197K, capacity 10833K, committed 11224K, reserved 1048576K
}
Event: 4741.123 GC heap before
{Heap before GC invocations=28 (full 4):
 PSYoungGen      total 269824K, used 269823K [0x00000000e0000000, 0x00000000f5580000, 0x0000000100000000)
  eden space 239616K, 100% used [0x00000000e0000000,0x00000000eea00000,0x00000000eea00000)
  from space 30208K, 99% used [0x00000000eea00000,0x00000000f077ff00,0x00000000f0780000)
  to   space 39936K, 0% used [0x00000000f2e80000,0x00000000f2e80000,0x00000000f5580000)
 ParOldGen       total 143360K, used 86439K [0x00000000a0000000, 0x00000000a8c00000, 0x00000000e0000000)
  object space 143360K, 60% used [0x00000000a0000000,0x00000000a5469fb0,0x00000000a8c00000)
 Metaspace       used 79891K, capacity 82804K, committed 84440K, reserved 1122304K
  class space    used 10201K, capacity 10838K, committed 11224K, reserved 1048576K
Event: 4741.186 GC heap after
Heap after GC invocations=28 (full 4):
 PSYoungGen      total 304128K, used 36545K [0x00000000e0000000, 0x00000000f6700000, 0x0000000100000000)
  eden space 264192K, 0% used [0x00000000e0000000,0x00000000e0000000,0x00000000f0200000)
  from space 39936K, 91% used [0x00000000f2e80000,0x00000000f5230530,0x00000000f5580000)
  to   space 45568K, 0% used [0x00000000f0200000,0x00000000f0200000,0x00000000f2e80000)
 ParOldGen       total 143360K, used 89759K [0x00000000a0000000, 0x00000000a8c00000, 0x00000000e0000000)
  object space 143360K, 62% used [0x00000000a0000000,0x00000000a57a7ff8,0x00000000a8c00000)
 Metaspace       used 79891K, capacity 82804K, committed 84440K, reserved 1122304K
  class space    used 10201K, capacity 10838K, committed 11224K, reserved 1048576K
}

Deoptimization events (10 events):
Event: 5821.127 Thread 0x000000005c003000 Uncommon trap: reason=array_check action=maybe_recompile pc=0x0000000002c4f140 method=com.google.common.collect.ImmutableSet.construct(I[Ljava/lang/Object;)Lcom/google/common/collect/ImmutableSet; @ 122
Event: 5821.155 Thread 0x000000005c003000 Uncommon trap: reason=array_check action=maybe_recompile pc=0x0000000002c4f140 method=com.google.common.collect.ImmutableSet.construct(I[Ljava/lang/Object;)Lcom/google/common/collect/ImmutableSet; @ 122
Event: 5821.570 Thread 0x000000005c003000 Uncommon trap: reason=predicate action=maybe_recompile pc=0x000000000331cbb8 method=sun.util.calendar.ZoneInfo.getTransitionIndex(JI)I @ 19
Event: 5821.570 Thread 0x000000005c003000 Uncommon trap: reason=unstable_if action=reinterpret pc=0x0000000003efc8e4 method=java.util.GregorianCalendar.computeFields(II)I @ 223
Event: 5821.570 Thread 0x000000005c003000 Uncommon trap: reason=unstable_if action=reinterpret pc=0x0000000005385c88 method=java.util.Calendar.setTimeInMillis(J)V @ 27
Event: 5822.004 Thread 0x000000005c003000 Uncommon trap: reason=class_check action=maybe_recompile pc=0x0000000002a49810 method=java.lang.String.equals(Ljava/lang/Object;)Z @ 8
Event: 5822.004 Thread 0x000000005c003000 Uncommon trap: reason=class_check action=maybe_recompile pc=0x0000000002a49810 method=java.lang.String.equals(Ljava/lang/Object;)Z @ 8
Event: 5822.004 Thread 0x000000005c003000 Uncommon trap: reason=class_check action=maybe_recompile pc=0x0000000002a49810 method=java.lang.String.equals(Ljava/lang/Object;)Z @ 8
Event: 5822.004 Thread 0x000000005c003000 Uncommon trap: reason=class_check action=maybe_recompile pc=0x0000000002a49810 method=java.lang.String.equals(Ljava/lang/Object;)Z @ 8
Event: 5822.445 Thread 0x000000005c003000 Uncommon trap: reason=unstable_if action=reinterpret pc=0x0000000003eca484 method=org.gradle.internal.file.DefaultFileHierarchySet$Node.contains(Ljava/lang/String;I)Z @ 55

Classes redefined (0 events):
No events

Internal exceptions (10 events):
Event: 5821.446 Thread 0x000000005c003000 Exception <a 'java/lang/NoSuchMethodError': <clinit>> (0x00000000e222bef0) thrown at [D:\src\AOSP-openjdk-cygwin\jdk8u\hotspot\src\share\vm\prims\jni.cpp, line 1613]
Event: 5821.460 Thread 0x000000005c003000 Exception <a 'java/lang/NoSuchMethodError': <clinit>> (0x00000000e2236c68) thrown at [D:\src\AOSP-openjdk-cygwin\jdk8u\hotspot\src\share\vm\prims\jni.cpp, line 1613]
Event: 5821.461 Thread 0x000000005c003000 Exception <a 'java/lang/NoSuchMethodError': <clinit>> (0x00000000e2240b48) thrown at [D:\src\AOSP-openjdk-cygwin\jdk8u\hotspot\src\share\vm\prims\jni.cpp, line 1613]
Event: 5821.462 Thread 0x000000005c003000 Exception <a 'java/lang/NoSuchMethodError': <clinit>> (0x00000000e2250910) thrown at [D:\src\AOSP-openjdk-cygwin\jdk8u\hotspot\src\share\vm\prims\jni.cpp, line 1613]
Event: 5821.464 Thread 0x000000005c003000 Exception <a 'java/lang/NoSuchMethodError': <clinit>> (0x00000000e225d938) thrown at [D:\src\AOSP-openjdk-cygwin\jdk8u\hotspot\src\share\vm\prims\jni.cpp, line 1613]
Event: 5821.503 Thread 0x000000005c003000 Exception <a 'java/lang/NoSuchMethodError': <clinit>> (0x00000000e229c170) thrown at [D:\src\AOSP-openjdk-cygwin\jdk8u\hotspot\src\share\vm\prims\jni.cpp, line 1613]
Event: 5821.504 Thread 0x000000005c003000 Exception <a 'java/lang/NoSuchMethodError': <clinit>> (0x00000000e229fdc8) thrown at [D:\src\AOSP-openjdk-cygwin\jdk8u\hotspot\src\share\vm\prims\jni.cpp, line 1613]
Event: 5821.504 Thread 0x000000005c003000 Exception <a 'java/lang/NoSuchMethodError': <clinit>> (0x00000000e22a18d0) thrown at [D:\src\AOSP-openjdk-cygwin\jdk8u\hotspot\src\share\vm\prims\jni.cpp, line 1613]
Event: 5822.275 Thread 0x000000005c003000 Exception <a 'java/lang/ClassNotFoundException': ijinit12_70t7hfff688cscd1wfo42kz1sBeanInfo> (0x00000000e23da720) thrown at [D:\src\AOSP-openjdk-cygwin\jdk8u\hotspot\src\share\vm\classfile\systemDictionary.cpp, line 210]
Event: 5822.276 Thread 0x000000005c003000 Exception <a 'java/lang/ClassNotFoundException': ijinit12_70t7hfff688cscd1wfo42kz1sCustomizer> (0x00000000e23e4ab8) thrown at [D:\src\AOSP-openjdk-cygwin\jdk8u\hotspot\src\share\vm\classfile\systemDictionary.cpp, line 210]

Events (10 events):
Event: 5822.358 loading class groovy/runtime/metaclass/ijinit12_70t7hfff688cscd1wfo42kz1s$_run_closure1MetaClass done
Event: 5822.367 loading class groovy/runtime/metaclass/ijinit12_70t7hfff688cscd1wfo42kz1s$_run_closure1$_closure2MetaClass
Event: 5822.367 loading class groovy/runtime/metaclass/ijinit12_70t7hfff688cscd1wfo42kz1s$_run_closure1$_closure2MetaClass done
Event: 5822.368 Thread 0x0000000057b1c800 flushing nmethod 0x0000000005638150
Event: 5822.372 Thread 0x000000005c010000 Thread added: 0x000000005c010000
Event: 5822.445 Thread 0x000000005c003000 Uncommon trap: trap_request=0xffffff65 fr.pc=0x0000000003eca484
Event: 5822.445 Thread 0x000000005c003000 DEOPT PACKING pc=0x0000000003eca484 sp=0x000000005ab9c140
Event: 5822.445 Thread 0x000000005c003000 DEOPT UNPACKING pc=0x00000000028d557b sp=0x000000005ab9c0f8 mode 2
Event: 5822.447 Executing VM operation: RevokeBias
Event: 5822.447 Executing VM operation: RevokeBias done


Dynamic libraries:
0x000000013fe50000 - 0x000000013fe81000 	F:\Android Studio\jre\bin\java.exe
0x0000000076fa0000 - 0x0000000077149000 	C:\Windows\SYSTEM32\ntdll.dll
0x0000000076e80000 - 0x0000000076f9f000 	C:\Windows\system32\kernel32.dll
0x000007fefd190000 - 0x000007fefd1fb000 	C:\Windows\system32\KERNELBASE.dll
0x000007fefd390000 - 0x000007fefd46b000 	C:\Windows\system32\ADVAPI32.dll
0x000007fefd2c0000 - 0x000007fefd35f000 	C:\Windows\system32\msvcrt.dll
0x000007fefd360000 - 0x000007fefd37f000 	C:\Windows\SYSTEM32\sechost.dll
0x000007fefe910000 - 0x000007fefea3d000 	C:\Windows\system32\RPCRT4.dll
0x0000000076d80000 - 0x0000000076e7a000 	C:\Windows\system32\USER32.dll
0x000007fefe8a0000 - 0x000007fefe907000 	C:\Windows\system32\GDI32.dll
0x000007fefd380000 - 0x000007fefd38e000 	C:\Windows\system32\LPK.dll
0x000007fefd470000 - 0x000007fefd539000 	C:\Windows\system32\USP10.dll
0x000007fefb4e0000 - 0x000007fefb6d4000 	C:\Windows\WinSxS\amd64_microsoft.windows.common-controls_6595b64144ccf1df_6.0.7601.17514_none_fa396087175ac9ac\COMCTL32.dll
0x000007feff1e0000 - 0x000007feff251000 	C:\Windows\system32\SHLWAPI.dll
0x000007fefd7d0000 - 0x000007fefd7fe000 	C:\Windows\system32\IMM32.DLL
0x000007fefea40000 - 0x000007fefeb49000 	C:\Windows\system32\MSCTF.dll
0x00000000702d0000 - 0x00000000703a2000 	F:\Android Studio\jre\jre\bin\msvcr100.dll
0x0000000070410000 - 0x0000000070c4f000 	F:\Android Studio\jre\jre\bin\server\jvm.dll
0x000007fef24b0000 - 0x000007fef24b9000 	C:\Windows\system32\WSOCK32.dll
0x000007feff260000 - 0x000007feff2ad000 	C:\Windows\system32\WS2_32.dll
0x000007fefd7a0000 - 0x000007fefd7a8000 	C:\Windows\system32\NSI.dll
0x000007fefbb50000 - 0x000007fefbb8b000 	C:\Windows\system32\WINMM.dll
0x000007fefc050000 - 0x000007fefc05c000 	C:\Windows\system32\VERSION.dll
0x0000000077170000 - 0x0000000077177000 	C:\Windows\system32\PSAPI.DLL
0x000007fefb4b0000 - 0x000007fefb4bf000 	F:\Android Studio\jre\jre\bin\verify.dll
0x000007fef7830000 - 0x000007fef7859000 	F:\Android Studio\jre\jre\bin\java.dll
0x000007fef7910000 - 0x000007fef7926000 	F:\Android Studio\jre\jre\bin\zip.dll
0x000007fefd800000 - 0x000007fefe588000 	C:\Windows\system32\SHELL32.dll
0x000007fefefd0000 - 0x000007feff1d3000 	C:\Windows\system32\ole32.dll
0x000007fefcef0000 - 0x000007fefceff000 	C:\Windows\system32\profapi.dll
0x000007fef7810000 - 0x000007fef782a000 	F:\Android Studio\jre\jre\bin\net.dll
0x000007fefc720000 - 0x000007fefc775000 	C:\Windows\system32\mswsock.dll
0x000007fefc710000 - 0x000007fefc717000 	C:\Windows\System32\wship6.dll
0x000007fef77f0000 - 0x000007fef7801000 	F:\Android Studio\jre\jre\bin\nio.dll
0x000007fef8870000 - 0x000007fef888e000 	C:\Users\Administrator\.gradle\native\25\windows-amd64\native-platform.dll
0x000007fef76f0000 - 0x000007fef76fd000 	F:\Android Studio\jre\jre\bin\management.dll
0x000007fefc780000 - 0x000007fefc797000 	C:\Windows\system32\CRYPTSP.dll
0x000007fefc480000 - 0x000007fefc4c7000 	C:\Windows\system32\rsaenh.dll
0x000007fefc230000 - 0x000007fefc24e000 	C:\Windows\system32\USERENV.dll
0x000007fefce20000 - 0x000007fefce2f000 	C:\Windows\system32\CRYPTBASE.dll
0x000007fefa5e0000 - 0x000007fefa607000 	C:\Windows\system32\IPHLPAPI.DLL
0x000007fefa5d0000 - 0x000007fefa5db000 	C:\Windows\system32\WINNSI.DLL
0x000007fefa3e0000 - 0x000007fefa3f8000 	C:\Windows\system32\dhcpcsvc.DLL
0x000007fefa3c0000 - 0x000007fefa3d1000 	C:\Windows\system32\dhcpcsvc6.DLL
0x000007fefcdc0000 - 0x000007fefce17000 	C:\Windows\system32\apphelp.dll

VM Arguments:
jvm_args: -Xmx1536m -Dfile.encoding=windows-1252 -Duser.country=US -Duser.language=en -Duser.variant 
java_command: org.gradle.launcher.daemon.bootstrap.GradleDaemon 4.4
java_class_path (initial): C:\Users\Administrator\.gradle\wrapper\dists\gradle-4.4-all\9br9xq1tocpiv8o6njlyu5op1\gradle-4.4\lib\gradle-launcher-4.4.jar
Launcher Type: SUN_STANDARD

Environment Variables:
PATH=C:\Program Files (x86)\Common Files\Oracle\Java\javapath;C:\Windows\system32;C:\Windows;C:\Windows\System32\Wbem;C:\Windows\System32\WindowsPowerShell\v1.0\;C:\Program Files\Intel\WiFi\bin\;C:\Program Files\Common Files\Intel\WirelessCommon\;C:\Program Files\Intel\WiFi\bin\;C:\Program Files\Common Files\Intel\WirelessCommon\
USERNAME=Administrator
OS=Windows_NT
PROCESSOR_IDENTIFIER=Intel64 Family 6 Model 37 Stepping 5, GenuineIntel



---------------  S Y S T E M  ---------------

OS: Windows 7 , 64 bit Build 7601 (6.1.7601.17514)

CPU:total 4 (initial active 4) (2 cores per cpu, 2 threads per core) family 6 model 37 stepping 5, cmov, cx8, fxsr, mmx, sse, sse2, sse3, ssse3, sse4.1, sse4.2, popcnt, aes, clmul, ht, tsc, tscinvbit

Memory: 4k page, physical 3983208k(320528k free), swap 6078516k(91512k free)

vm_info: OpenJDK 64-Bit Server VM (25.152-b02) for windows-amd64 JRE (1.8.0_152-release-1024-b02), built by "builder" with MS VC++ 10.0 (VS2010)

time: Mon Sep 03 14:58:40 2018
elapsed time: 5823 seconds (0d 1h 37m 3s)

