#
# There is insufficient memory for the Java Runtime Environment to continue.
# Native memory allocation (malloc) failed to allocate 262160 bytes for Chunk::new
# Possible reasons:
#   The system is out of physical RAM or swap space
#   In 32 bit mode, the process size limit was hit
# Possible solutions:
#   Reduce memory load on the system
#   Increase physical memory or swap space
#   Check if swap backing store is full
#   Use 64 bit Java on a 64 bit OS
#   Decrease Java heap size (-Xmx/-Xms)
#   Decrease number of Java threads
#   Decrease Java thread stack sizes (-Xss)
#   Set larger code cache with -XX:ReservedCodeCacheSize=
# This output file may be truncated or incomplete.
#
#  Out of Memory Error (allocation.cpp:390), pid=4532, tid=0x000000000000198c
#
# JRE version: OpenJDK Runtime Environment (8.0_152-b02) (build 1.8.0_152-release-1024-b02)
# Java VM: OpenJDK 64-Bit Server VM (25.152-b02 mixed mode windows-amd64 compressed oops)
# Failed to write core dump. Minidumps are not enabled by default on client versions of Windows
#

---------------  T H R E A D  ---------------

Current thread (0x00000000565fd800):  JavaThread "C2 CompilerThread1" daemon [_thread_in_native, id=6540, stack(0x00000000580f0000,0x00000000581f0000)]

Stack: [0x00000000580f0000,0x00000000581f0000]
[error occurred during error reporting (printing stack bounds), id 0xc0000005]

Native frames: (J=compiled Java code, j=interpreted, Vv=VM code, C=native code)


Current CompileTask:
C2:  15475 1462   !   4       java.net.URLClassLoader$1::run (63 bytes)


---------------  P R O C E S S  ---------------

Java Threads: ( => current thread )
  0x0000000057c80000 JavaThread "Cache worker for file hash cache (F:\Project\BDRT\.gradle\4.4\fileHashes)" [_thread_blocked, id=6068, stack(0x000000005abe0000,0x000000005ace0000)]
  0x0000000057c7f000 JavaThread "File lock request listener" [_thread_in_native, id=5224, stack(0x000000005b2b0000,0x000000005b3b0000)]
  0x0000000057c7e800 JavaThread "Cache worker for file hash cache (C:\Users\Administrator\.gradle\caches\4.4\fileHashes)" [_thread_blocked, id=6856, stack(0x000000005b180000,0x000000005b280000)]
  0x0000000057c7d800 JavaThread "Stdin handler" [_thread_blocked, id=7084, stack(0x000000005ad40000,0x000000005ae40000)]
  0x0000000057c7d000 JavaThread "Asynchronous log dispatcher for DefaultDaemonConnection: socket connection from /127.0.0.1:65248 to /127.0.0.1:65249" [_thread_blocked, id=2924, stack(0x000000005aad0000,0x000000005abd0000)]
  0x0000000057c7c000 JavaThread "Daemon worker" [_thread_in_native, id=6864, stack(0x000000005a930000,0x000000005aa30000)]
  0x0000000057c7b800 JavaThread "Cancel handler" [_thread_blocked, id=6308, stack(0x000000005a210000,0x000000005a310000)]
  0x0000000057c7a800 JavaThread "Handler for socket connection from /127.0.0.1:65248 to /127.0.0.1:65249" [_thread_in_native, id=4896, stack(0x000000005a5a0000,0x000000005a6a0000)]
  0x0000000057c7a000 JavaThread "Daemon" [_thread_blocked, id=5448, stack(0x000000005a470000,0x000000005a570000)]
  0x0000000057c79000 JavaThread "Daemon periodic checks" [_thread_blocked, id=4772, stack(0x000000005a370000,0x000000005a470000)]
  0x0000000057c78800 JavaThread "Incoming local TCP Connector on port 65248" [_thread_in_native, id=3964, stack(0x0000000059f50000,0x000000005a050000)]
  0x0000000057c77800 JavaThread "Service Thread" daemon [_thread_blocked, id=4144, stack(0x00000000579e0000,0x0000000057ae0000)]
  0x00000000565fe800 JavaThread "C1 CompilerThread2" daemon [_thread_blocked, id=4268, stack(0x0000000058280000,0x0000000058380000)]
=>0x00000000565fd800 JavaThread "C2 CompilerThread1" daemon [_thread_in_native, id=6540, stack(0x00000000580f0000,0x00000000581f0000)]
  0x00000000565f5000 JavaThread "C2 CompilerThread0" daemon [_thread_in_native, id=1608, stack(0x0000000057b00000,0x0000000057c00000)]
  0x00000000565f1800 JavaThread "Attach Listener" daemon [_thread_blocked, id=4480, stack(0x0000000057880000,0x0000000057980000)]
  0x00000000565f0000 JavaThread "Signal Dispatcher" daemon [_thread_blocked, id=5700, stack(0x0000000057650000,0x0000000057750000)]
  0x00000000565d9000 JavaThread "Finalizer" daemon [_thread_blocked, id=2532, stack(0x0000000057780000,0x0000000057880000)]
  0x000000005658f800 JavaThread "Reference Handler" daemon [_thread_blocked, id=7044, stack(0x0000000057450000,0x0000000057550000)]
  0x0000000001ebe000 JavaThread "main" [_thread_blocked, id=3748, stack(0x00000000025d0000,0x00000000026d0000)]

Other Threads:
  0x000000005658a000 VMThread [stack: 0x0000000057550000,0x0000000057650000] [id=3756]
  0x0000000057c88000 WatcherThread [stack: 0x0000000058440000,0x0000000058540000] [id=6576]

VM state:not at safepoint (normal execution)

VM Mutex/Monitor currently owned by a thread: None

Heap:
 PSYoungGen      total 66048K, used 23697K [0x00000000e0000000, 0x00000000e4300000, 0x0000000100000000)
  eden space 63488K, 33% used [0x00000000e0000000,0x00000000e14ac600,0x00000000e3e00000)
  from space 2560K, 98% used [0x00000000e4080000,0x00000000e42f8040,0x00000000e4300000)
  to   space 2560K, 0% used [0x00000000e3e00000,0x00000000e3e00000,0x00000000e4080000)
 ParOldGen       total 42496K, used 6321K [0x00000000a0000000, 0x00000000a2980000, 0x00000000e0000000)
  object space 42496K, 14% used [0x00000000a0000000,0x00000000a062c648,0x00000000a2980000)
 Metaspace       used 15831K, capacity 16118K, committed 16256K, reserved 1062912K
  class space    used 2249K, capacity 2379K, committed 2432K, reserved 1048576K

Card table byte_map: [0x0000000011d60000,0x0000000012070000] byte_map_base: 0x0000000011860000

Marking Bits: (ParMarkBitMap*) 0x000000005d834970
 Begin Bits: [0x0000000012900000, 0x0000000014100000)
 End Bits:   [0x0000000014100000, 0x0000000015900000)

Polling page: 0x0000000000330000

CodeCache: size=245760Kb used=4903Kb max_used=4903Kb free=240856Kb
 bounds [0x00000000029a0000, 0x0000000002e70000, 0x00000000119a0000]
 total_blobs=1809 nmethods=1437 adapters=286
 compilation: enabled

Compilation events (10 events):
Event: 14.892 Thread 0x00000000565fe800 1469       3       java.util.HashMap::afterNodeRemoval (1 bytes)
Event: 14.893 Thread 0x00000000565fe800 nmethod 1469 0x0000000002e657d0 code [0x0000000002e65920, 0x0000000002e65a70]
Event: 14.953 Thread 0x00000000565fe800 1470       3       org.gradle.internal.service.DefaultServiceRegistry$ParentServices::wrap (10 bytes)
Event: 14.954 Thread 0x00000000565fe800 nmethod 1470 0x0000000002e6b250 code [0x0000000002e6b3c0, 0x0000000002e6b650]
Event: 14.954 Thread 0x00000000565fe800 1471       3       org.gradle.internal.service.DefaultServiceRegistry$ParentServices$1::<init> (15 bytes)
Event: 14.954 Thread 0x00000000565fe800 nmethod 1471 0x0000000002e6b750 code [0x0000000002e6b8a0, 0x0000000002e6ba70]
Event: 14.954 Thread 0x00000000565fe800 1472       3       java.util.IdentityHashMap::maskNull (12 bytes)
Event: 14.954 Thread 0x00000000565fe800 nmethod 1472 0x0000000002e6bb10 code [0x0000000002e6bc60, 0x0000000002e6bdf0]
Event: 14.954 Thread 0x00000000565fe800 1473       3       org.gradle.internal.service.DefaultServiceRegistry$ParameterizedTypeSpec::isSatisfiedBy (9 bytes)
Event: 14.954 Thread 0x00000000565fe800 nmethod 1473 0x0000000002e6be50 code [0x0000000002e6bfc0, 0x0000000002e6c268]

GC Heap History (8 events):
Event: 1.516 GC heap before
{Heap before GC invocations=1 (full 0):
 PSYoungGen      total 18432K, used 15872K [0x00000000e0000000, 0x00000000e1480000, 0x0000000100000000)
  eden space 15872K, 100% used [0x00000000e0000000,0x00000000e0f80000,0x00000000e0f80000)
  from space 2560K, 0% used [0x00000000e1200000,0x00000000e1200000,0x00000000e1480000)
  to   space 2560K, 0% used [0x00000000e0f80000,0x00000000e0f80000,0x00000000e1200000)
 ParOldGen       total 42496K, used 0K [0x00000000a0000000, 0x00000000a2980000, 0x00000000e0000000)
  object space 42496K, 0% used [0x00000000a0000000,0x00000000a0000000,0x00000000a2980000)
 Metaspace       used 5719K, capacity 5854K, committed 5888K, reserved 1056768K
  class space    used 700K, capacity 747K, committed 768K, reserved 1048576K
Event: 1.600 GC heap after
Heap after GC invocations=1 (full 0):
 PSYoungGen      total 18432K, used 2552K [0x00000000e0000000, 0x00000000e2400000, 0x0000000100000000)
  eden space 15872K, 0% used [0x00000000e0000000,0x00000000e0000000,0x00000000e0f80000)
  from space 2560K, 99% used [0x00000000e0f80000,0x00000000e11fe260,0x00000000e1200000)
  to   space 2560K, 0% used [0x00000000e2180000,0x00000000e2180000,0x00000000e2400000)
 ParOldGen       total 42496K, used 151K [0x00000000a0000000, 0x00000000a2980000, 0x00000000e0000000)
  object space 42496K, 0% used [0x00000000a0000000,0x00000000a0025c88,0x00000000a2980000)
 Metaspace       used 5719K, capacity 5854K, committed 5888K, reserved 1056768K
  class space    used 700K, capacity 747K, committed 768K, reserved 1048576K
}
Event: 2.468 GC heap before
{Heap before GC invocations=2 (full 0):
 PSYoungGen      total 18432K, used 18424K [0x00000000e0000000, 0x00000000e2400000, 0x0000000100000000)
  eden space 15872K, 100% used [0x00000000e0000000,0x00000000e0f80000,0x00000000e0f80000)
  from space 2560K, 99% used [0x00000000e0f80000,0x00000000e11fe260,0x00000000e1200000)
  to   space 2560K, 0% used [0x00000000e2180000,0x00000000e2180000,0x00000000e2400000)
 ParOldGen       total 42496K, used 151K [0x00000000a0000000, 0x00000000a2980000, 0x00000000e0000000)
  object space 42496K, 0% used [0x00000000a0000000,0x00000000a0025c88,0x00000000a2980000)
 Metaspace       used 6579K, capacity 6766K, committed 7040K, reserved 1056768K
  class space    used 803K, capacity 875K, committed 896K, reserved 1048576K
Event: 2.568 GC heap after
Heap after GC invocations=2 (full 0):
 PSYoungGen      total 34304K, used 2531K [0x00000000e0000000, 0x00000000e2400000, 0x0000000100000000)
  eden space 31744K, 0% used [0x00000000e0000000,0x00000000e0000000,0x00000000e1f00000)
  from space 2560K, 98% used [0x00000000e2180000,0x00000000e23f8eb8,0x00000000e2400000)
  to   space 2560K, 0% used [0x00000000e1f00000,0x00000000e1f00000,0x00000000e2180000)
 ParOldGen       total 42496K, used 193K [0x00000000a0000000, 0x00000000a2980000, 0x00000000e0000000)
  object space 42496K, 0% used [0x00000000a0000000,0x00000000a00307f8,0x00000000a2980000)
 Metaspace       used 6579K, capacity 6766K, committed 7040K, reserved 1056768K
  class space    used 803K, capacity 875K, committed 896K, reserved 1048576K
}
Event: 11.160 GC heap before
{Heap before GC invocations=3 (full 0):
 PSYoungGen      total 34304K, used 34275K [0x00000000e0000000, 0x00000000e2400000, 0x0000000100000000)
  eden space 31744K, 100% used [0x00000000e0000000,0x00000000e1f00000,0x00000000e1f00000)
  from space 2560K, 98% used [0x00000000e2180000,0x00000000e23f8eb8,0x00000000e2400000)
  to   space 2560K, 0% used [0x00000000e1f00000,0x00000000e1f00000,0x00000000e2180000)
 ParOldGen       total 42496K, used 193K [0x00000000a0000000, 0x00000000a2980000, 0x00000000e0000000)
  object space 42496K, 0% used [0x00000000a0000000,0x00000000a00307f8,0x00000000a2980000)
 Metaspace       used 10551K, capacity 10792K, committed 11008K, reserved 1058816K
  class space    used 1384K, capacity 1486K, committed 1536K, reserved 1048576K
Event: 11.167 GC heap after
Heap after GC invocations=3 (full 0):
 PSYoungGen      total 34304K, used 2560K [0x00000000e0000000, 0x00000000e4300000, 0x0000000100000000)
  eden space 31744K, 0% used [0x00000000e0000000,0x00000000e0000000,0x00000000e1f00000)
  from space 2560K, 100% used [0x00000000e1f00000,0x00000000e2180000,0x00000000e2180000)
  to   space 2560K, 0% used [0x00000000e4080000,0x00000000e4080000,0x00000000e4300000)
 ParOldGen       total 42496K, used 2728K [0x00000000a0000000, 0x00000000a2980000, 0x00000000e0000000)
  object space 42496K, 6% used [0x00000000a0000000,0x00000000a02aa2a8,0x00000000a2980000)
 Metaspace       used 10551K, capacity 10792K, committed 11008K, reserved 1058816K
  class space    used 1384K, capacity 1486K, committed 1536K, reserved 1048576K
}
Event: 13.712 GC heap before
{Heap before GC invocations=4 (full 0):
 PSYoungGen      total 34304K, used 34304K [0x00000000e0000000, 0x00000000e4300000, 0x0000000100000000)
  eden space 31744K, 100% used [0x00000000e0000000,0x00000000e1f00000,0x00000000e1f00000)
  from space 2560K, 100% used [0x00000000e1f00000,0x00000000e2180000,0x00000000e2180000)
  to   space 2560K, 0% used [0x00000000e4080000,0x00000000e4080000,0x00000000e4300000)
 ParOldGen       total 42496K, used 2728K [0x00000000a0000000, 0x00000000a2980000, 0x00000000e0000000)
  object space 42496K, 6% used [0x00000000a0000000,0x00000000a02aa2a8,0x00000000a2980000)
 Metaspace       used 13941K, capacity 14262K, committed 14464K, reserved 1060864K
  class space    used 1932K, capacity 2059K, committed 2176K, reserved 1048576K
Event: 13.722 GC heap after
Heap after GC invocations=4 (full 0):
 PSYoungGen      total 66048K, used 2528K [0x00000000e0000000, 0x00000000e4300000, 0x0000000100000000)
  eden space 63488K, 0% used [0x00000000e0000000,0x00000000e0000000,0x00000000e3e00000)
  from space 2560K, 98% used [0x00000000e4080000,0x00000000e42f8040,0x00000000e4300000)
  to   space 2560K, 0% used [0x00000000e3e00000,0x00000000e3e00000,0x00000000e4080000)
 ParOldGen       total 42496K, used 6321K [0x00000000a0000000, 0x00000000a2980000, 0x00000000e0000000)
  object space 42496K, 14% used [0x00000000a0000000,0x00000000a062c648,0x00000000a2980000)
 Metaspace       used 13941K, capacity 14262K, committed 14464K, reserved 1060864K
  class space    used 1932K, capacity 2059K, committed 2176K, reserved 1048576K
}

Deoptimization events (10 events):
Event: 7.458 Thread 0x0000000001ebe000 Uncommon trap: reason=bimorphic action=maybe_recompile pc=0x0000000002cb3014 method=java.util.HashMap.putVal(ILjava/lang/Object;Ljava/lang/Object;ZZ)Ljava/lang/Object; @ 203
Event: 7.995 Thread 0x0000000001ebe000 Uncommon trap: reason=unstable_if action=reinterpret pc=0x0000000002c4bfb0 method=java.io.WinNTFileSystem.normalize(Ljava/lang/String;)Ljava/lang/String; @ 128
Event: 12.320 Thread 0x0000000057c7a800 Uncommon trap: reason=unstable_if action=reinterpret pc=0x0000000002d1da00 method=java.util.concurrent.ConcurrentHashMap.putVal(Ljava/lang/Object;Ljava/lang/Object;Z)Ljava/lang/Object; @ 206
Event: 12.642 Thread 0x0000000057c7c000 Uncommon trap: reason=bimorphic action=maybe_recompile pc=0x0000000002cb2920 method=java.util.HashMap.putVal(ILjava/lang/Object;Ljava/lang/Object;ZZ)Ljava/lang/Object; @ 253
Event: 12.642 Thread 0x0000000057c7c000 Uncommon trap: reason=bimorphic action=maybe_recompile pc=0x0000000002cb2920 method=java.util.HashMap.putVal(ILjava/lang/Object;Ljava/lang/Object;ZZ)Ljava/lang/Object; @ 253
Event: 12.642 Thread 0x0000000057c7c000 Uncommon trap: reason=bimorphic action=maybe_recompile pc=0x0000000002cb2920 method=java.util.HashMap.putVal(ILjava/lang/Object;Ljava/lang/Object;ZZ)Ljava/lang/Object; @ 253
Event: 12.704 Thread 0x0000000057c7c000 Uncommon trap: reason=class_check action=maybe_recompile pc=0x0000000002c412c8 method=java.util.regex.Matcher.match(II)Z @ 86
Event: 13.802 Thread 0x0000000057c7c000 Uncommon trap: reason=class_check action=maybe_recompile pc=0x0000000002c412c8 method=java.util.regex.Matcher.match(II)Z @ 86
Event: 13.802 Thread 0x0000000057c7c000 Uncommon trap: reason=class_check action=maybe_recompile pc=0x0000000002c09b10 method=java.util.regex.Matcher.match(II)Z @ 86
Event: 13.945 Thread 0x0000000057c7c000 Uncommon trap: reason=unstable_if action=reinterpret pc=0x0000000002ac6ff4 method=java.lang.String.lastIndexOf([CII[CIII)I @ 66

Classes redefined (0 events):
No events

Internal exceptions (10 events):
Event: 12.383 Thread 0x0000000057c7a800 Exception <a 'java/lang/NoSuchMethodError': <clinit>> (0x00000000e04a0530) thrown at [D:\src\AOSP-openjdk-cygwin\jdk8u\hotspot\src\share\vm\prims\jni.cpp, line 1613]
Event: 12.384 Thread 0x0000000057c7a800 Exception <a 'java/lang/NoSuchMethodError': <clinit>> (0x00000000e04a8ff8) thrown at [D:\src\AOSP-openjdk-cygwin\jdk8u\hotspot\src\share\vm\prims\jni.cpp, line 1613]
Event: 12.388 Thread 0x0000000057c7a800 Exception <a 'java/lang/NoSuchMethodError': <clinit>> (0x00000000e04ba718) thrown at [D:\src\AOSP-openjdk-cygwin\jdk8u\hotspot\src\share\vm\prims\jni.cpp, line 1613]
Event: 12.407 Thread 0x0000000057c7a800 Exception <a 'java/lang/NoSuchMethodError': <clinit>> (0x00000000e0520290) thrown at [D:\src\AOSP-openjdk-cygwin\jdk8u\hotspot\src\share\vm\prims\jni.cpp, line 1613]
Event: 12.432 Thread 0x0000000057c7a800 Exception <a 'java/lang/NoSuchMethodError': <clinit>> (0x00000000e0543918) thrown at [D:\src\AOSP-openjdk-cygwin\jdk8u\hotspot\src\share\vm\prims\jni.cpp, line 1613]
Event: 12.444 Thread 0x0000000057c7a800 Exception <a 'java/lang/NoSuchMethodError': <clinit>> (0x00000000e056d410) thrown at [D:\src\AOSP-openjdk-cygwin\jdk8u\hotspot\src\share\vm\prims\jni.cpp, line 1613]
Event: 12.447 Thread 0x0000000057c7a800 Exception <a 'java/lang/NoSuchMethodError': <clinit>> (0x00000000e057b050) thrown at [D:\src\AOSP-openjdk-cygwin\jdk8u\hotspot\src\share\vm\prims\jni.cpp, line 1613]
Event: 12.451 Thread 0x0000000057c7a800 Exception <a 'java/lang/NoSuchMethodError': <clinit>> (0x00000000e059cba0) thrown at [D:\src\AOSP-openjdk-cygwin\jdk8u\hotspot\src\share\vm\prims\jni.cpp, line 1613]
Event: 12.483 Thread 0x0000000057c7c000 Exception <a 'java/lang/NoSuchMethodError': <clinit>> (0x00000000e06b68c8) thrown at [D:\src\AOSP-openjdk-cygwin\jdk8u\hotspot\src\share\vm\prims\jni.cpp, line 1613]
Event: 12.484 Thread 0x0000000057c7c000 Exception <a 'java/lang/NoSuchMethodError': <clinit>> (0x00000000e06beb50) thrown at [D:\src\AOSP-openjdk-cygwin\jdk8u\hotspot\src\share\vm\prims\jni.cpp, line 1613]

Events (10 events):
Event: 15.156 loading class org/apache/http/HttpResponse
Event: 15.156 loading class org/apache/http/HttpResponse done
Event: 15.157 loading class org/gradle/internal/resource/transport/http/HttpErrorStatusCodeException
Event: 15.157 loading class org/gradle/internal/resource/transport/http/HttpErrorStatusCodeException done
Event: 15.158 loading class org/gradle/internal/resource/transport/http/DefaultHttpSettings
Event: 15.158 loading class org/gradle/internal/resource/transport/http/DefaultHttpSettings done
Event: 15.160 loading class javax/net/ssl/HostnameVerifier
Event: 15.195 loading class javax/net/ssl/HostnameVerifier done
Event: 15.196 loading class org/gradle/internal/resource/transport/http/HttpProxySettings
Event: 15.196 loading class org/gradle/internal/resource/transport/http/HttpProxySettings done


Dynamic libraries:
0x000000013f3c0000 - 0x000000013f3f1000 	F:\Android Studio\jre\bin\java.exe
0x00000000774c0000 - 0x0000000077669000 	C:\Windows\SYSTEM32\ntdll.dll
0x00000000772a0000 - 0x00000000773bf000 	C:\Windows\system32\kernel32.dll
0x000007fefd770000 - 0x000007fefd7db000 	C:\Windows\system32\KERNELBASE.dll
0x000007feff240000 - 0x000007feff31b000 	C:\Windows\system32\ADVAPI32.dll
0x000007feff1a0000 - 0x000007feff23f000 	C:\Windows\system32\msvcrt.dll
0x000007fefd7e0000 - 0x000007fefd7ff000 	C:\Windows\SYSTEM32\sechost.dll
0x000007feff690000 - 0x000007feff7bd000 	C:\Windows\system32\RPCRT4.dll
0x00000000773c0000 - 0x00000000774ba000 	C:\Windows\system32\USER32.dll
0x000007feff0c0000 - 0x000007feff127000 	C:\Windows\system32\GDI32.dll
0x000007feff5e0000 - 0x000007feff5ee000 	C:\Windows\system32\LPK.dll
0x000007fefdf80000 - 0x000007fefe049000 	C:\Windows\system32\USP10.dll
0x000007fefba00000 - 0x000007fefbbf4000 	C:\Windows\WinSxS\amd64_microsoft.windows.common-controls_6595b64144ccf1df_6.0.7601.17514_none_fa396087175ac9ac\COMCTL32.dll
0x000007fefee90000 - 0x000007fefef01000 	C:\Windows\system32\SHLWAPI.dll
0x000007fefe0d0000 - 0x000007fefe0fe000 	C:\Windows\system32\IMM32.DLL
0x000007fefefb0000 - 0x000007feff0b9000 	C:\Windows\system32\MSCTF.dll
0x0000000066c70000 - 0x0000000066d42000 	F:\Android Studio\jre\jre\bin\msvcr100.dll
0x000000005d070000 - 0x000000005d8af000 	F:\Android Studio\jre\jre\bin\server\jvm.dll
0x000007fefa300000 - 0x000007fefa309000 	C:\Windows\system32\WSOCK32.dll
0x000007feff130000 - 0x000007feff17d000 	C:\Windows\system32\WS2_32.dll
0x000007feff7c0000 - 0x000007feff7c8000 	C:\Windows\system32\NSI.dll
0x000007fefc040000 - 0x000007fefc07b000 	C:\Windows\system32\WINMM.dll
0x000007fefc570000 - 0x000007fefc57c000 	C:\Windows\system32\VERSION.dll
0x0000000077690000 - 0x0000000077697000 	C:\Windows\system32\PSAPI.DLL
0x000007fefb9f0000 - 0x000007fefb9ff000 	F:\Android Studio\jre\jre\bin\verify.dll
0x000007fef8350000 - 0x000007fef8379000 	F:\Android Studio\jre\jre\bin\java.dll
0x000007fef8330000 - 0x000007fef8346000 	F:\Android Studio\jre\jre\bin\zip.dll
0x000007fefe100000 - 0x000007fefee88000 	C:\Windows\system32\SHELL32.dll
0x000007fefdd70000 - 0x000007fefdf73000 	C:\Windows\system32\ole32.dll
0x000007fefd410000 - 0x000007fefd41f000 	C:\Windows\system32\profapi.dll
0x000007fef8310000 - 0x000007fef832a000 	F:\Android Studio\jre\jre\bin\net.dll
0x000007fefcc80000 - 0x000007fefccd5000 	C:\Windows\system32\mswsock.dll
0x000007fefcc70000 - 0x000007fefcc77000 	C:\Windows\System32\wship6.dll
0x000007fef82d0000 - 0x000007fef82e1000 	F:\Android Studio\jre\jre\bin\nio.dll
0x000007fefbf20000 - 0x000007fefbf3e000 	C:\Users\Administrator\.gradle\native\25\windows-amd64\native-platform.dll
0x000007fefb9e0000 - 0x000007fefb9ed000 	F:\Android Studio\jre\jre\bin\management.dll
0x000007fefcce0000 - 0x000007fefccf7000 	C:\Windows\system32\CRYPTSP.dll
0x000007fefc9e0000 - 0x000007fefca27000 	C:\Windows\system32\rsaenh.dll
0x000007fefc760000 - 0x000007fefc77e000 	C:\Windows\system32\USERENV.dll
0x000007fefd340000 - 0x000007fefd34f000 	C:\Windows\system32\CRYPTBASE.dll
0x000007fefab00000 - 0x000007fefab27000 	C:\Windows\system32\IPHLPAPI.DLL
0x000007fefaac0000 - 0x000007fefaacb000 	C:\Windows\system32\WINNSI.DLL
0x000007fefa900000 - 0x000007fefa918000 	C:\Windows\system32\dhcpcsvc.DLL
0x000007fefa8e0000 - 0x000007fefa8f1000 	C:\Windows\system32\dhcpcsvc6.DLL

VM Arguments:
jvm_args: -Xmx1536m -Dfile.encoding=windows-1252 -Duser.country=US -Duser.language=en -Duser.variant 
java_command: org.gradle.launcher.daemon.bootstrap.GradleDaemon 4.4
java_class_path (initial): C:\Users\Administrator\.gradle\wrapper\dists\gradle-4.4-all\9br9xq1tocpiv8o6njlyu5op1\gradle-4.4\lib\gradle-launcher-4.4.jar
Launcher Type: SUN_STANDARD

Environment Variables:
PATH=C:\Program Files (x86)\Common Files\Oracle\Java\javapath;C:\Windows\system32;C:\Windows;C:\Windows\System32\Wbem;C:\Windows\System32\WindowsPowerShell\v1.0\;C:\Program Files\Intel\WiFi\bin\;C:\Program Files\Common Files\Intel\WirelessCommon\;C:\Program Files\Intel\WiFi\bin\;C:\Program Files\Common Files\Intel\WirelessCommon\
USERNAME=Administrator
OS=Windows_NT
PROCESSOR_IDENTIFIER=Intel64 Family 6 Model 37 Stepping 5, GenuineIntel



---------------  S Y S T E M  ---------------

OS: Windows 7 , 64 bit Build 7601 (6.1.7601.17514)

CPU:total 4 (initial active 4) (2 cores per cpu, 2 threads per core) family 6 model 37 stepping 5, cmov, cx8, fxsr, mmx, sse, sse2, sse3, ssse3, sse4.1, sse4.2, popcnt, aes, clmul, ht, tsc, tscinvbit

Memory: 4k page, physical 3983208k(82088k free), swap 6078516k(5132k free)

vm_info: OpenJDK 64-Bit Server VM (25.152-b02) for windows-amd64 JRE (1.8.0_152-release-1024-b02), built by "builder" with MS VC++ 10.0 (VS2010)

time: Sun Aug 26 00:42:35 2018
elapsed time: 15 seconds (0d 0h 0m 15s)

